warning: ualbf_engine@0.1.0: /Applications/Xcode.app/Contents/Developer/Toolchains/XcodeDefault.xctoolchain/usr/bin/ar: illegal option -- D
warning: ualbf_engine@0.1.0: usage:  ar -d [-TLsv] archive file ...
warning: ualbf_engine@0.1.0: 	ar -m [-TLsv] archive file ...
warning: ualbf_engine@0.1.0: 	ar -m [-abiTLsv] position archive file ...
warning: ualbf_engine@0.1.0: 	ar -p [-TLsv] archive [file ...]
warning: ualbf_engine@0.1.0: 	ar -q [-cTLsv] archive file ...
warning: ualbf_engine@0.1.0: 	ar -r [-cuTLsv] archive file ...
warning: ualbf_engine@0.1.0: 	ar -r [-abciuTLsv] position archive file ...
warning: ualbf_engine@0.1.0: 	ar -t [-TLsv] archive [file ...]
warning: ualbf_engine@0.1.0: 	ar -x [-ouTLsv] archive [file ...]
   Compiling ualbf_engine v0.1.0 (/Users/fred/Code/quasipolynomials/ualbf-project/rust-engine)
    Finished `release` profile [optimized] target(s) in 1.94s
     Running `target/release/ualbf_engine`
=== UALBF Engine Initializing ===
Target Bound: 10^35 < N < 10^37
Sieve: limit=250000, max_exponent=4, prefix_stop=100000000000
PROGRESS|PHASE|1|Legendre-Cattaneo Sieve
Sieve|DIAG|Building trial sieve to 10000000 (22044 primes total to evaluate)
Sieve|DIAG|Trial sieve ready: 664579 small primes loaded
PROGRESS|UPDATE|500|22044|p=116911 | 1883 p/s | trial=272 ecm=32 | factor_time=1946ms
PROGRESS|UPDATE|1000|22044|p=55213 | 1126 p/s | trial=489 ecm=80 | factor_time=5827ms
PROGRESS|UPDATE|1500|22044|p=5101 | 580 p/s | trial=734 ecm=139 | factor_time=14521ms
PROGRESS|UPDATE|2000|22044|p=74731 | 369 p/s | trial=934 ecm=185 | factor_time=28690ms
PROGRESS|UPDATE|2500|22044|p=14957 | 149 p/s | trial=1125 ecm=248 | factor_time=55049ms
PROGRESS|UPDATE|3000|22044|p=56767 | 114 p/s | trial=1321 ecm=322 | factor_time=127327ms
PROGRESS|UPDATE|3500|22044|p=59929 | 100 p/s | trial=1518 ecm=377 | factor_time=170016ms
PROGRESS|UPDATE|4000|22044|p=20939 | 65 p/s | trial=1701 ecm=468 | factor_time=291718ms
